SF:F:\projects\sweproject\src\DIP.cs
FN:83,System.String sweproject.DIP::ToQueryString(System.Collections.Specialized.NameValueCollection)
FNDA:6,System.String sweproject.DIP::ToQueryString(System.Collections.Specialized.NameValueCollection)
DA:84,6
DA:85,6
DA:86,6
DA:87,29
DA:88,29
DA:89,29
DA:90,29
DA:91,29
DA:92,6
DA:93,6
DA:94,6
FN:101,System.Object sweproject.DIP::Request(System.Collections.Specialized.NameValueCollection)
FNDA:6,System.Object sweproject.DIP::Request(System.Collections.Specialized.NameValueCollection)
DA:102,6
DA:105,6
DA:106,0
DA:110,6
DA:113,6
DA:116,6
DA:118,6
DA:119,6
BRDA:105,24,0,0
BRDA:105,24,1,6
FN:126,System.Collections.Specialized.NameValueCollection sweproject.DIP::SetDefaultParams(System.String,System.Int32[])
FNDA:6,System.Collections.Specialized.NameValueCollection sweproject.DIP::SetDefaultParams(System.String,System.Int32[])
DA:127,6
DA:128,6
DA:129,6
DA:130,6
DA:131,6
DA:132,30
DA:133,4
DA:134,4
DA:135,6
DA:136,6
BRDA:132,94,1,4
BRDA:132,94,0,6
FN:144,System.Int32 sweproject.DIP::GetResults(System.String,System.Int32[])
FNDA:5,System.Int32 sweproject.DIP::GetResults(System.String,System.Int32[])
DA:145,5
DA:148,5
DA:149,5
DA:154,5
DA:155,5
DA:156,5
DA:157,0
DA:161,5
DA:162,5
DA:163,5
DA:164,5
BRDA:161,48,1,1
BRDA:161,48,0,5
BRDA:161,108,1,1
BRDA:161,108,0,5
FN:171,System.Int32 sweproject.DIP::GetResults(System.String)
FNDA:1,System.Int32 sweproject.DIP::GetResults(System.String)
DA:172,1
DA:173,1
DA:174,1
FN:183,System.Collections.Generic.List`1<System.String> sweproject.DIP::GetMentions(System.String,System.Int32[])
FNDA:1,System.Collections.Generic.List`1<System.String> sweproject.DIP::GetMentions(System.String,System.Int32[])
DA:184,1
DA:185,1
DA:187,1
DA:188,1
DA:189,0
DA:190,1
DA:191,1
DA:192,1
DA:194,1
DA:195,1
DA:196,1
DA:198,1
DA:199,0
DA:202,1
DA:204,1
DA:205,4
DA:206,1
DA:207,1
DA:209,1
DA:211,1
DA:212,0
DA:213,0
DA:216,1
DA:217,1
DA:218,1
DA:219,0
DA:222,15
DA:223,4
DA:224,4
DA:225,1
DA:226,1
DA:227,1
DA:228,1
BRDA:188,39,0,0
BRDA:188,39,1,1
BRDA:198,142,0,0
BRDA:198,142,1,1
BRDA:205,769,1,1
BRDA:211,254,0,1
BRDA:211,254,1,0
BRDA:211,268,0,0
BRDA:211,268,1,1
BRDA:222,307,1,1
BRDA:222,307,0,1
BRDA:222,367,1,1
BRDA:222,367,0,1
BRDA:222,724,1,4
BRDA:223,472,1,1
BRDA:223,472,0,4
BRDA:223,560,1,1
BRDA:223,560,0,4
BRDA:223,632,1,1
BRDA:223,632,0,4
BRDA:222,724,0,1
BRDA:205,769,0,1
FN:234,System.Collections.Generic.SortedDictionary`2<System.String,System.Int32> sweproject.DIP::FillZeroes(System.Collections.Generic.SortedDictionary`2<System.String,System.Int32>,sweproject.GroupMode,System.Int32[])
FNDA:3,System.Collections.Generic.SortedDictionary`2<System.String,System.Int32> sweproject.DIP::FillZeroes(System.Collections.Generic.SortedDictionary`2<System.String,System.Int32>,sweproject.GroupMode,System.Int32[])
DA:235,3
DA:240,6
DA:241,3
DA:242,3
DA:243,3
DA:244,0
DA:245,0
DA:246,0
DA:248,3
DA:250,2
DA:251,2
DA:253,2
DA:254,2
DA:256,22
DA:257,10
DA:258,4
DA:259,4
DA:260,6
DA:261,2
DA:264,1
DA:265,1
DA:266,1
DA:267,1
DA:268,8
DA:270,2
DA:271,3
DA:272,1
DA:273,1
DA:274,2
DA:275,11
DA:276,114
DA:277,36
DA:278,71
DA:279,35
DA:280,35
DA:281,36
DA:282,3
DA:283,29
DA:284,9
DA:285,18
DA:286,9
DA:287,9
DA:288,9
DA:289,1
DA:292,3
DA:293,3
BRDA:240,8,0,3
BRDA:240,8,1,0
BRDA:248,86,0,1
BRDA:248,86,1,2
BRDA:256,197,1,6
BRDA:257,161,0,4
BRDA:257,161,1,6
BRDA:248,93,1,1
BRDA:268,353,1,2
BRDA:271,319,0,1
BRDA:271,319,1,2
BRDA:268,353,0,1
BRDA:275,469,1,3
BRDA:276,450,1,36
BRDA:278,416,0,35
BRDA:278,416,1,36
BRDA:276,450,0,3
BRDA:275,469,0,1
BRDA:283,554,1,9
BRDA:285,523,0,9
BRDA:285,523,1,9
BRDA:248,93,0,3
BRDA:256,197,0,3
BRDA:283,554,0,3
FN:303,System.Collections.Generic.SortedDictionary`2<System.String,System.Int32> sweproject.DIP::GetRelevance(System.String,sweproject.GroupMode,System.Int32[])
FNDA:1,System.Collections.Generic.SortedDictionary`2<System.String,System.Int32> sweproject.DIP::GetRelevance(System.String,sweproject.GroupMode,System.Int32[])
DA:304,1
DA:307,1
DA:308,1
DA:310,1
DA:311,0
DA:314,15
DA:317,4
DA:318,4
DA:319,0
DA:320,4
DA:321,4
DA:322,4
DA:325,5
DA:326,1
DA:327,4
DA:328,3
DA:329,3
DA:330,4
DA:332,1
DA:334,1
DA:335,1
BRDA:310,27,0,0
BRDA:310,27,1,1
BRDA:314,184,1,4
BRDA:318,73,0,0
BRDA:318,73,1,4
BRDA:325,131,0,1
BRDA:325,131,1,3
BRDA:314,184,0,1
FN:345,System.Collections.Generic.SortedDictionary`2<System.String,System.Int32> sweproject.DIP::GetRelevance(System.String,sweproject.GroupMode)
FNDA:0,System.Collections.Generic.SortedDictionary`2<System.String,System.Int32> sweproject.DIP::GetRelevance(System.String,sweproject.GroupMode)
DA:346,0
DA:347,0
DA:348,0
FN:35,System.Void sweproject.DIP::.ctor()
FNDA:12,System.Void sweproject.DIP::.ctor()
DA:36,12
DA:62,14
DA:63,7
DA:65,7
DA:66,7
DA:67,7
DA:68,7
FN:70,System.Void sweproject.DIP::.ctor(sweproject.IWebClient)
FNDA:10,System.Void sweproject.DIP::.ctor(sweproject.IWebClient)
DA:71,10
DA:72,5
DA:74,5
DA:75,5
DA:76,5
DA:77,5
FN:37,System.Void sweproject.DIP::.cctor()
FNDA:1,System.Void sweproject.DIP::.cctor()
DA:38,1
DA:39,1
DA:40,1
DA:41,1
DA:42,1
DA:43,1
DA:44,1
DA:45,1
DA:46,1
DA:47,1
DA:48,1
DA:49,1
DA:50,1
DA:51,1
DA:52,1
DA:53,1
DA:54,1
DA:55,1
DA:56,1
DA:57,1
DA:58,1
DA:59,1
LF:181
LH:166
BRF:62
BRH:54
FNF:12
FNH:11
end_of_record
SF:F:\projects\sweproject\src\Plot.cs
FN:19,System.Double[] sweproject.Plotter::XToDouble(System.Collections.Generic.SortedDictionary`2<System.String,System.Int32>,sweproject.GroupMode)
FNDA:0,System.Double[] sweproject.Plotter::XToDouble(System.Collections.Generic.SortedDictionary`2<System.String,System.Int32>,sweproject.GroupMode)
DA:20,0
DA:22,0
DA:23,0
DA:25,0
DA:26,0
DA:28,0
DA:29,0
DA:32,0
DA:33,0
DA:34,0
DA:35,0
DA:37,0
DA:38,0
DA:39,0
BRDA:23,14,0,0
BRDA:23,14,1,0
BRDA:23,20,1,0
BRDA:23,20,0,0
BRDA:33,106,1,0
BRDA:33,106,0,0
FN:41,System.Double[] sweproject.Plotter::YToDouble(System.Collections.Generic.SortedDictionary`2<System.String,System.Int32>)
FNDA:0,System.Double[] sweproject.Plotter::YToDouble(System.Collections.Generic.SortedDictionary`2<System.String,System.Int32>)
DA:42,0
DA:43,0
DA:44,0
DA:45,0
DA:46,0
DA:48,0
DA:50,0
DA:51,0
BRDA:44,53,1,0
BRDA:44,53,0,0
FN:53,System.ValueTuple`2<System.Double[],System.Double[]> sweproject.Plotter::ConvertInput(System.Collections.Generic.SortedDictionary`2<System.String,System.Int32>,sweproject.GroupMode)
FNDA:0,System.ValueTuple`2<System.Double[],System.Double[]> sweproject.Plotter::ConvertInput(System.Collections.Generic.SortedDictionary`2<System.String,System.Int32>,sweproject.GroupMode)
DA:54,0
DA:55,0
DA:56,0
DA:58,0
DA:59,0
FN:64,System.Void sweproject.Plotter::Plot(System.String,System.Collections.Generic.SortedDictionary`2<System.String,System.Int32>,sweproject.GroupMode)
FNDA:0,System.Void sweproject.Plotter::Plot(System.String,System.Collections.Generic.SortedDictionary`2<System.String,System.Int32>,sweproject.GroupMode)
DA:65,0
DA:67,0
DA:70,0
DA:71,0
DA:72,0
DA:75,0
DA:76,0
DA:77,0
DA:78,0
DA:79,0
DA:80,0
DA:81,0
DA:82,0
DA:83,0
DA:84,0
DA:85,0
DA:86,0
DA:87,0
DA:88,0
DA:90,0
DA:91,0
FN:14,System.Void sweproject.Plotter::.cctor()
FNDA:0,System.Void sweproject.Plotter::.cctor()
DA:15,0
DA:16,0
DA:17,0
LF:51
LH:0
BRF:8
BRH:0
FNF:5
FNH:0
end_of_record
SF:F:\projects\sweproject\src\Program.cs
FN:6,System.Void sweproject.Program::Main(System.String[])
FNDA:0,System.Void sweproject.Program::Main(System.String[])
DA:7,0
DA:9,0
DA:10,0
DA:13,0
DA:14,0
DA:15,0
DA:16,0
DA:20,0
DA:21,0
DA:22,0
DA:24,0
DA:25,0
DA:26,0
DA:27,0
DA:28,0
DA:31,0
DA:32,0
BRDA:14,38,0,0
BRDA:14,38,1,0
FN:35,System.ValueTuple`2<System.String,System.Int32[]> sweproject.Program::GetUserInput(sweproject.DIP)
FNDA:0,System.ValueTuple`2<System.String,System.Int32[]> sweproject.Program::GetUserInput(sweproject.DIP)
DA:36,0
DA:39,0
DA:40,0
DA:43,0
DA:45,0
DA:46,0
DA:48,0
DA:50,0
DA:54,0
DA:56,0
DA:57,0
DA:59,0
DA:60,0
DA:61,0
DA:62,0
DA:63,0
DA:64,0
DA:65,0
DA:67,0
DA:68,0
DA:70,0
DA:74,0
DA:75,0
DA:76,0
DA:77,0
DA:78,0
DA:79,0
DA:80,0
DA:82,0
DA:85,0
DA:86,0
DA:87,0
DA:88,0
DA:89,0
DA:90,0
DA:92,0
DA:93,0
DA:94,0
DA:97,0
DA:98,0
DA:99,0
DA:100,0
DA:102,0
DA:103,0
DA:104,0
DA:105,0
DA:106,0
DA:108,0
DA:110,0
DA:111,0
BRDA:48,42,0,0
BRDA:48,42,1,0
BRDA:59,80,0,0
BRDA:59,80,1,0
BRDA:74,176,0,0
BRDA:75,192,0,0
BRDA:75,192,1,0
BRDA:78,225,0,0
BRDA:78,225,1,0
BRDA:74,176,1,0
BRDA:98,329,0,0
BRDA:98,329,1,0
BRDA:97,318,1,0
BRDA:97,318,0,0
BRDA:104,376,1,0
BRDA:104,376,0,0
LF:67
LH:0
BRF:18
BRH:0
FNF:2
FNH:0
end_of_record